Now I have everything needed. Let me analyze and select the top 3 opportunities, then write them to the workbook.

**Analysis summary:**
- Salesforce UK ($3.1M, 39.5% of spend) — Score 5, Parallel Strategic, highest absolute savings
- Long-tail termination (267 vendors, $1.6M) — Score-1 vendors, Immediate cancellations
- Facilities co-working ($827K across 8 vendors) — Score 3, Parallel Strategic consolidation

**Top 3 selected:**
1. Renegotiate Salesforce UK Enterprise Contract → 15% = **$467,584** (Parallel Strategic, targets #1 vendor)
2. Execute Long-tail Vendor Termination Program → 10% of $1.6M = **$163,215** (Immediate, Score-1 SaaS cancellations)
3. Consolidate Co-working and Office Space Portfolio → 15% of $828K = **$124,175** (Parallel Strategic)All three opportunities written and verified. Confirmation:

| Opportunity Title | Estimated Annual Savings (USD) |
|---|---|
| Renegotiate Salesforce UK Enterprise Contract | $467,584 |
| Execute Long-tail Vendor Termination Program | $163,215 |
| Consolidate Co-working and Office Space Portfolio | $124,175 |

**Combined potential savings: ~$755K**

---

**Rationale summary:**

**Opp 1 — Renegotiate Salesforce UK** (Parallel Strategic)
Salesforce at $3.1M / 39.5% of total spend is the single largest cost lever. Score 5 (Mission Critical) means it cannot be terminated — negotiation is the only path. A 15% reduction via licence right-sizing and multi-year renegotiation at renewal delivers $467K. Targets top-5 vendor criteria.

**Opp 2 — Long-tail Vendor Termination Program** (Immediate)
267 Terminate-rated vendors (mostly Score-1: redundant/low-value) hold $1.63M in spend. Score-1 SaaS subscriptions carry near-zero switching cost and no operational risk — cancellations can begin immediately. Using a conservative 10% Year-1 realisation (accounting for notice periods and contract lock-ins) yields $163K within 90 days.

**Opp 3 — Co-working Portfolio Consolidation** (Parallel Strategic)
$828K is fragmented across 8 vendors (TOG UK, Zagrebtower, Innovent, GPT, WeWork, JLL, Work Easy, Common Desk). Step 08 scores these as Score-3 (substitutable). Consolidating to 1–2 preferred operators unlocks volume pricing; 15% reduction = $124K annually with moderate execution effort and low business risk.