---

**STEP 01 — Workbook Inspection Summary**

**Sheets found (6 total):**

| Sheet | Status |
|---|---|
| Vendor Analysis Assessment | Present |
| Top 3 Opportunities | Present |
| Methodology | Present |
| CEOCFO Recommendations | Present |
| Config | Present (extra) |
| First Quick Analysis | Present (extra) |

No required sheets are missing.

**Required columns in `Vendor Analysis Assessment`:**

| Column | Status | Index |
|---|---|---|
| Vendor Name | Confirmed (col 0) | A |
| Last 12 months Cost (USD) | Confirmed (col 2) | C |

Neither column was modified.

**Data:**
- **Total vendor rows:** 386
- **First 3 vendors:**

| Vendor Name | Last 12 months Cost (USD) |
|---|---|
| (Blank) | $137.30 |
| 4I Advisory Services | $71,860.34 |
| 4I Management Consulting Private Limited | $12,117.49 |

> Note: Row 1 of data contains `(Blank)` as the vendor name with a small cost of $137.30 — likely a placeholder or data entry artifact worth reviewing.