All sheets are verified. Here is the final assessment summary:

---

## Final Workbook Confirmation — Vendor Spend Strategy Assessment

**File:** `C:/Users/rjega/vendor-spend-analysis/outputs/A - TEMPLATE - RWA - Vendor Spend Strategy (R Jegadeswari).xlsx`

---

### Sheet Inventory

| Sheet | Present |
|---|---|
| Vendor Analysis Assessment | Yes |
| Top 3 Opportunities | Yes |
| Methodology | Yes |
| CEOCFO Recommendations | Yes |
| Config | Yes |

All 5 required sheets confirmed present.

---

### Vendor Analysis Assessment

| Metric | Value |
|---|---|
| Total vendors classified | **386** |
| Fully populated rows (Dept + Description + Suggestion) | **386 / 386** |
| Total LTM Spend | **$7,887,360** |

**Recommendation Breakdown:**

| Recommendation | Count |
|---|---|
| Terminate | 265 |
| Consolidate | 99 |
| Optimize | 22 |
| Unknown | 0 |

---

### Top 3 Opportunities

| # | Opportunity | Est. Annual Savings |
|---|---|---|
| 1 | Renegotiate Salesforce UK Enterprise Contract | $467,584 |
| 2 | Execute Long-tail Vendor Termination Program | $163,215 |
| 3 | Consolidate Co-working and Office Space Portfolio | $124,175 |
| | **Total Identified Annual Savings** | **$754,974** |

All 3 rows populated: **Yes**

---

### Supporting Sheets

- **Methodology:** Populated — Yes
- **CEOCFO Recommendations A3:** Memo present — Yes (dated 23 March 2026, addressed to CEO | CFO)

---

### Data Integrity

- Zero unknown/unclassified vendors
- 100% row completeness across all 386 vendor records
- All outputs written directly to live workbook file; no re-application required

---

**Assessment complete. Output saved to:**
`C:/Users/rjega/vendor-spend-analysis/outputs/A - TEMPLATE - RWA - Vendor Spend Strategy (R Jegadeswari).xlsx`