Here are the full A1 cell contents across all 6 worksheets:

---

### Sheet: `Vendor Analysis Assessment`
```
Vendor Name
```
*(Column header — no instruction constraints)*

---

### Sheet: `Top 3 Opportunities`
*(Empty — no instructions)*

---

### Sheet: `Methodology`
> Please provide a brief explanation for how you approached working through this.
> (what was your methodology, prompt(s), tools, etc)

---

### Sheet: `CEOCFO Recommendations`
> Please prepare a short memo (maximum 1 page) summarizing your findings and recommendations to the CEO and CFO.
> Please keep in mind that these are busy people; position your points accordingly, focus on what really matters, and do not exceed the number of pages; do not overemphasize things that are obvious to them but also keep in mind they have many things going on and may not remember immediately certain points
>
> Please provide a Google Doc link to your memo below

---

### Sheet: `Config`
```
Department
```
*(Column header — no instruction constraints)*

---

### Sheet: `First Quick Analysis`
*(Empty — no instructions)*

---

## Constraints Summary

| Sheet | Binding Constraint |
|---|---|
| **CEOCFO Recommendations** | Memo **maximum 1 page**. Audience is busy CEO/CFO — be concise, prioritize what matters, avoid over-explaining the obvious. Must include a **Google Doc link** below the memo. |
| **Methodology** | Free-form explanation of approach, prompts, and tools used — no length limit specified. |
| **Vendor Analysis Assessment** | Standard data table (no formatting constraints from A1). |
| **Top 3 Opportunities** | No embedded constraints — structure will be driven by workflow guidance. |
| **Config / First Quick Analysis** | No embedded constraints. |

The only hard formatting constraint is the **1-page limit on the CEO/CFO memo** plus the **Google Doc link requirement** — both will govern STEP 09 output. I'll save this to memory now.Memory is already accurate and up to date — the workbook now shows **6 sheets** (not 5), so I'll update that one detail.Memory updated (sheet count corrected to 6). STEP 02 is complete — no modifications were made to the workbook.