I need to gather the exact numbers from prior steps. Let me read the memory files.Now I have all the numbers needed. Let me compile the memo and write it to A3.

Key figures:
- 386 vendors, $7,887,360 total LTM spend
- Terminate: 344 vendors ($1,552,621, 19.7%) | Optimize: 25 ($6,189,417, 78.5%) | Consolidate: 17 ($145,322, 1.8%)
- Top 10 = 63.9% of spend; Salesforce = 39.5% ($3,117,226)
- Top 3 savings: Salesforce renegotiation ~$467K, Navan consolidation ~$73K, BDO+RSM right-sizing ~$92K = $632K total
- Total identified savings: $1,552,621 (terminate) + $632K (optimize) + ~$29K (consolidate) = $2,213,621 (28.1%)Good — A1 has content, A2 is empty, A3 exists within the sheet range. Writing the memo to A3 only now.Written successfully. Let me verify by reading back A3.STEP 12 complete. Here's a summary of what was written to **A3** in the `CEOCFO Recommendations` sheet:

---

**MEMORANDUM**
TO: Chief Executive Officer | Chief Financial Officer
FROM: R Jegadeswari, VP of Operations
DATE: 21 March 2026
RE: Vendor Spend Rationalisation — Findings & Recommendations

**1. VENDOR SPEND OVERVIEW**
- 386 active vendors | Total LTM spend: $7,887,360
- Breakdown: 344 vendors for Termination ($1,552,621, 19.7%); 25 for Optimisation ($6,189,417, 78.5%); 17 for Consolidation ($145,322, 1.8%)
- Top 10 vendors account for 63.9% of total spend — acute concentration risk

**2. MAJOR COST DRIVERS**
- Salesforce UK Ltd-UK: $3,117,226 (39.5% of total spend) — highest-impact renegotiation target
- Top departments by spend: Sales ($3,172,799), G&A ($881,895), Facilities ($852,015)

**3. TOP 3 OPPORTUNITIES**
- Salesforce Enterprise Renegotiation — est. $467,000
- Navan T&E Platform Consolidation — est. $73,000
- BDO + RSM Finance Advisory Right-sizing — est. $92,000
- Total estimated savings: **$632,000**

**4. ESTIMATED SAVINGS SUMMARY**
- Total identified savings: $2,213,621 (28.1% of LTM spend)
- Year 1 conservatively realisable: $1,300,000 (50–70%)
- Payback: under 6 months

**5. IMPLEMENTATION ROADMAP** — phased Month 1–2 through Month 6+

**6. RISKS AND MITIGATIONS** — Salesforce concentration + contract exit penalties

**Recommended next step:** Convene a vendor rationalisation steering committee within 30 days.

---

**Constraints verified:**
- A1 (template instruction) — preserved, untouched
- A2 (empty) — preserved, untouched
- Written to A3 only via `encode_cell` — no sheet rebuild